[debug] > Exec(test, None, None)
[debug] Evaluating tasks: Test / test
[debug] Running task... Cancel: Signal, check cycles: false, forcegc: true
[info] compiling 1 Scala source to C:\Users\haytr\untitled3\target\scala-3.0.0\classes ...
[warn] -- [E029] Pattern Match Exhaustivity Warning: C:\Users\haytr\untitled3\src\main\scala\MySetTheoryLang.scala:382:8 
[warn] 382 |        this match {
[warn]     |        ^^^^
[warn]     |match may not be exhaustive.
[warn]     |
[warn]     |It would fail on pattern case: ArithExp.Assign(_, _), ArithExp.Check(_, _), ArithExp.Macro(_, _), ArithExp.Scope(_, _)
[warn] -- [E029] Pattern Match Exhaustivity Warning: C:\Users\haytr\untitled3\src\main\scala\MySetTheoryLang.scala:423:8 
[warn] 423 |        this match{
[warn]     |        ^^^^
[warn]     |match may not be exhaustive.
[warn]     |
[warn]     |It would fail on pattern case: ArithExp.Basic(_), ArithExp.ValueSetInt(_), ArithExp.ValueSetString(_), ArithExp.ValueSetDoub(_), ArithExp.ValueSetFloat(_), ArithExp.ValueSetChar(_)
[warn]     |(More unmatched cases are elided)
[warn] -- [E029] Pattern Match Exhaustivity Warning: C:\Users\haytr\untitled3\src\main\scala\MySetTheoryLang.scala:458:8 
[warn] 458 |        this match{
[warn]     |        ^^^^
[warn]     |match may not be exhaustive.
[warn]     |
[warn]     |It would fail on pattern case: ArithExp.Basic(_), ArithExp.ValueSetInt(_), ArithExp.ValueSetString(_), ArithExp.ValueSetDoub(_), ArithExp.ValueSetFloat(_), ArithExp.ValueSetChar(_)
[warn]     |(More unmatched cases are elided)
[warn] three warnings found
[warn] three warnings found
[info] done compiling
[info] compiling 1 Scala source to C:\Users\haytr\untitled3\target\scala-3.0.0\test-classes ...
[info] done compiling
[info] MyHW3Test:
[info] my first language for set theory operations
[info] - should testing AbstractClassDef with abstract class name of Someclass
[info] - should testing AbstractClassDef with abstract class name of SomeAbstractClass even though there is already an existing class with that name
[info] - should testing ExtendClassDef with class name SomeClass that extends SomeAbstractClass
[info] - should testing InterfaceDef with string newinter adding abstract class named abstractclass in body
[info] - should testing CallingClass with class called SomeClass that is trying to call method from SomeAbstractClass
[info] MyClassTest:
[info] my first language for set theory operations
[info] - should testing ClassCall with string intersect0
[info] - should testing ClassCall with string intersect1
[info] - should testing ClassCallBool with string intersect0
[info] - should testing ClassCallBool with string intersect1
[info] - should testing ClassCallBool with string checkseteven1
[info] YourSetTheoryLanguageTest:
[info] my first language for set theory operations
[info] - should create a set and insert objects into it
[info] - should create assign binding
[info] - should create macro binding
[info] - should create named scope binding
[info] - should create anon scope binding
[info] Run completed in 215 milliseconds.
[info] Total number of tests run: 15
[info] Suites: completed 3, aborted 0
[info] Tests: succeeded 15, failed 0, canceled 0, ignored 0, pending 0
[info] All tests passed.
[debug] Forcing garbage collection...
[success] Total time: 3 s, completed Mar 25, 2022, 8:25:11 PM
[debug] > Exec(idea-shell, None, None)
[debug] > Exec(, None, None)
[debug] > Exec(idea-shell, None, None)
