[debug] > Exec(compile, None, None)
[debug] Evaluating tasks: Compile / compile
[debug] Running task... Cancel: Signal, check cycles: false, forcegc: true
[info] compiling 1 Scala source to C:\Users\haytr\untitled3\target\scala-3.0.0\classes ...
[warn] -- [E029] Pattern Match Exhaustivity Warning: C:\Users\haytr\untitled3\src\main\scala\MySetTheoryLang.scala:136:8 
[warn] 136 |        this match {
[warn]     |        ^^^^
[warn]     |match may not be exhaustive.
[warn]     |
[warn]     |It would fail on pattern case: ArithExp.Assign(_, _), ArithExp.Check(_, _), ArithExp.Macro(_, _), ArithExp.Scope(_, _)
[warn] -- [E029] Pattern Match Exhaustivity Warning: C:\Users\haytr\untitled3\src\main\scala\MySetTheoryLang.scala:177:8 
[warn] 177 |        this match{
[warn]     |        ^^^^
[warn]     |match may not be exhaustive.
[warn]     |
[warn]     |It would fail on pattern case: ArithExp.Basic(_), ArithExp.ValueSetInt(_), ArithExp.ValueSetString(_), ArithExp.ValueSetDoub(_), ArithExp.ValueSetFloat(_), ArithExp.ValueSetChar(_)
[warn]     |(More unmatched cases are elided)
[warn] -- [E029] Pattern Match Exhaustivity Warning: C:\Users\haytr\untitled3\src\main\scala\MySetTheoryLang.scala:212:8 
[warn] 212 |        this match{
[warn]     |        ^^^^
[warn]     |match may not be exhaustive.
[warn]     |
[warn]     |It would fail on pattern case: ArithExp.Basic(_), ArithExp.ValueSetInt(_), ArithExp.ValueSetString(_), ArithExp.ValueSetDoub(_), ArithExp.ValueSetFloat(_), ArithExp.ValueSetChar(_)
[warn]     |(More unmatched cases are elided)
[warn] three warnings found
[warn] three warnings found
[info] done compiling
[success] Total time: 12 s, completed Feb 27, 2022, 3:09:13 PM
[debug] > Exec(idea-shell, None, None)
